# JRE version: Java(TM) SE Runtime Environment (8.0_211-b12) (build 1.8.0_211-b12)
# Java VM: Java HotSpot(TM) 64-Bit Server VM (25.211-b12 mixed mode windows-amd64 compressed oops)
Heap:
 PSYoungGen      total 76288K, used 49961K [0x000000076b400000, 0x0000000772d00000, 0x00000007c0000000)
  eden space 65536K, 64% used [0x000000076b400000,0x000000076dd3e7d0,0x000000076f400000)
  from space 10752K, 71% used [0x000000076f400000,0x000000076fb8bee0,0x000000076fe80000)
  to   space 9728K, 0% used [0x0000000772380000,0x0000000772380000,0x0000000772d00000)
 ParOldGen       total 97280K, used 6503K [0x00000006c1c00000, 0x00000006c7b00000, 0x000000076b400000)
  object space 97280K, 6% used [0x00000006c1c00000,0x00000006c2259ea8,0x00000006c7b00000)
 Metaspace       used 27459K, capacity 28290K, committed 28416K, reserved 1073152K
  class space    used 3529K, capacity 3729K, committed 3840K, reserved 1048576K
GC Heap History (10 events):
Event: 1.494 GC heap before
{Heap before GC invocations=2 (full 0):
 PSYoungGen      total 76288K, used 73518K [0x000000076b400000, 0x0000000770900000, 0x00000007c0000000)
  eden space 65536K, 100% used [0x000000076b400000,0x000000076f400000,0x000000076f400000)
  from space 10752K, 74% used [0x000000076f400000,0x000000076fbcb968,0x000000076fe80000)
  to   space 10752K, 0% used [0x000000076fe80000,0x000000076fe80000,0x0000000770900000)
 ParOldGen       total 175104K, used 16K [0x00000006c1c00000, 0x00000006cc700000, 0x000000076b400000)
  object space 175104K, 0% used [0x00000006c1c00000,0x00000006c1c04000,0x00000006cc700000)
 Metaspace       used 12941K, capacity 13302K, committed 13568K, reserved 1060864K
  class space    used 1613K, capacity 1725K, committed 1792K, reserved 1048576K
Event: 1.499 GC heap after
Heap after GC invocations=2 (full 0):
 PSYoungGen      total 76288K, used 5707K [0x000000076b400000, 0x0000000770900000, 0x00000007c0000000)
  eden space 65536K, 0% used [0x000000076b400000,0x000000076b400000,0x000000076f400000)
  from space 10752K, 53% used [0x000000076fe80000,0x0000000770412de8,0x0000000770900000)
  to   space 10752K, 0% used [0x000000076f400000,0x000000076f400000,0x000000076fe80000)
 ParOldGen       total 175104K, used 24K [0x00000006c1c00000, 0x00000006cc700000, 0x000000076b400000)
  object space 175104K, 0% used [0x00000006c1c00000,0x00000006c1c06000,0x00000006cc700000)
 Metaspace       used 12941K, capacity 13302K, committed 13568K, reserved 1060864K
  class space    used 1613K, capacity 1725K, committed 1792K, reserved 1048576K
}
Event: 1.809 GC heap before
{Heap before GC invocations=3 (full 0):
 PSYoungGen      total 76288K, used 71243K [0x000000076b400000, 0x0000000770900000, 0x00000007c0000000)
  eden space 65536K, 100% used [0x000000076b400000,0x000000076f400000,0x000000076f400000)
  from space 10752K, 53% used [0x000000076fe80000,0x0000000770412de8,0x0000000770900000)
  to   space 10752K, 0% used [0x000000076f400000,0x000000076f400000,0x000000076fe80000)
 ParOldGen       total 175104K, used 24K [0x00000006c1c00000, 0x00000006cc700000, 0x000000076b400000)
  object space 175104K, 0% used [0x00000006c1c00000,0x00000006c1c06000,0x00000006cc700000)
 Metaspace       used 17976K, capacity 18514K, committed 18688K, reserved 1064960K
  class space    used 2264K, capacity 2433K, committed 2560K, reserved 1048576K
Event: 1.813 GC heap after
Heap after GC invocations=3 (full 0):
 PSYoungGen      total 76288K, used 8523K [0x000000076b400000, 0x0000000770900000, 0x00000007c0000000)
  eden space 65536K, 0% used [0x000000076b400000,0x000000076b400000,0x000000076f400000)
  from space 10752K, 79% used [0x000000076f400000,0x000000076fc52da0,0x000000076fe80000)
  to   space 10752K, 0% used [0x000000076fe80000,0x000000076fe80000,0x0000000770900000)
 ParOldGen       total 175104K, used 32K [0x00000006c1c00000, 0x00000006cc700000, 0x000000076b400000)
  object space 175104K, 0% used [0x00000006c1c00000,0x00000006c1c08000,0x00000006cc700000)
 Metaspace       used 17976K, capacity 18514K, committed 18688K, reserved 1064960K
  class space    used 2264K, capacity 2433K, committed 2560K, reserved 1048576K
}
Event: 1.919 GC heap before
{Heap before GC invocations=4 (full 0):
 PSYoungGen      total 76288K, used 43710K [0x000000076b400000, 0x0000000770900000, 0x00000007c0000000)
  eden space 65536K, 53% used [0x000000076b400000,0x000000076d65ccd0,0x000000076f400000)
  from space 10752K, 79% used [0x000000076f400000,0x000000076fc52da0,0x000000076fe80000)
  to   space 10752K, 0% used [0x000000076fe80000,0x000000076fe80000,0x0000000770900000)
 ParOldGen       total 175104K, used 32K [0x00000006c1c00000, 0x00000006cc700000, 0x000000076b400000)
  object space 175104K, 0% used [0x00000006c1c00000,0x00000006c1c08000,0x00000006cc700000)
 Metaspace       used 20629K, capacity 21160K, committed 21248K, reserved 1067008K
  class space    used 2630K, capacity 2788K, committed 2816K, reserved 1048576K
Event: 1.923 GC heap after
Heap after GC invocations=4 (full 0):
 PSYoungGen      total 76288K, used 6708K [0x000000076b400000, 0x0000000770900000, 0x00000007c0000000)
  eden space 65536K, 0% used [0x000000076b400000,0x000000076b400000,0x000000076f400000)
  from space 10752K, 62% used [0x000000076fe80000,0x000000077050d0a0,0x0000000770900000)
  to   space 10752K, 0% used [0x000000076f400000,0x000000076f400000,0x000000076fe80000)
 ParOldGen       total 175104K, used 40K [0x00000006c1c00000, 0x00000006cc700000, 0x000000076b400000)
  object space 175104K, 0% used [0x00000006c1c00000,0x00000006c1c0a000,0x00000006cc700000)
 Metaspace       used 20629K, capacity 21160K, committed 21248K, reserved 1067008K
  class space    used 2630K, capacity 2788K, committed 2816K, reserved 1048576K
}
Event: 1.923 GC heap before
{Heap before GC invocations=5 (full 1):
 PSYoungGen      total 76288K, used 6708K [0x000000076b400000, 0x0000000770900000, 0x00000007c0000000)
  eden space 65536K, 0% used [0x000000076b400000,0x000000076b400000,0x000000076f400000)
  from space 10752K, 62% used [0x000000076fe80000,0x000000077050d0a0,0x0000000770900000)
  to   space 10752K, 0% used [0x000000076f400000,0x000000076f400000,0x000000076fe80000)
 ParOldGen       total 175104K, used 40K [0x00000006c1c00000, 0x00000006cc700000, 0x000000076b400000)
  object space 175104K, 0% used [0x00000006c1c00000,0x00000006c1c0a000,0x00000006cc700000)
 Metaspace       used 20629K, capacity 21160K, committed 21248K, reserved 1067008K
  class space    used 2630K, capacity 2788K, committed 2816K, reserved 1048576K
Event: 1.946 GC heap after
Heap after GC invocations=5 (full 1):
 PSYoungGen      total 76288K, used 0K [0x000000076b400000, 0x0000000770900000, 0x00000007c0000000)
  eden space 65536K, 0% used [0x000000076b400000,0x000000076b400000,0x000000076f400000)
  from space 10752K, 0% used [0x000000076fe80000,0x000000076fe80000,0x0000000770900000)
  to   space 10752K, 0% used [0x000000076f400000,0x000000076f400000,0x000000076fe80000)
 ParOldGen       total 97280K, used 6431K [0x00000006c1c00000, 0x00000006c7b00000, 0x000000076b400000)
  object space 97280K, 6% used [0x00000006c1c00000,0x00000006c2247e98,0x00000006c7b00000)
 Metaspace       used 20629K, capacity 21160K, committed 21248K, reserved 1067008K
  class space    used 2630K, capacity 2788K, committed 2816K, reserved 1048576K
}
Event: 2.317 GC heap before
{Heap before GC invocations=6 (full 1):
 PSYoungGen      total 76288K, used 65536K [0x000000076b400000, 0x0000000770900000, 0x00000007c0000000)
  eden space 65536K, 100% used [0x000000076b400000,0x000000076f400000,0x000000076f400000)
  from space 10752K, 0% used [0x000000076fe80000,0x000000076fe80000,0x0000000770900000)
  to   space 10752K, 0% used [0x000000076f400000,0x000000076f400000,0x000000076fe80000)
 ParOldGen       total 97280K, used 6431K [0x00000006c1c00000, 0x00000006c7b00000, 0x000000076b400000)
  object space 97280K, 6% used [0x00000006c1c00000,0x00000006c2247e98,0x00000006c7b00000)
 Metaspace       used 25461K, capacity 26160K, committed 26240K, reserved 1073152K
  class space    used 3258K, capacity 3434K, committed 3456K, reserved 1048576K
Event: 2.321 GC heap after
Heap after GC invocations=6 (full 1):
 PSYoungGen      total 76288K, used 7727K [0x000000076b400000, 0x0000000772d00000, 0x00000007c0000000)
  eden space 65536K, 0% used [0x000000076b400000,0x000000076b400000,0x000000076f400000)
  from space 10752K, 71% used [0x000000076f400000,0x000000076fb8bee0,0x000000076fe80000)
  to   space 9728K, 0% used [0x0000000772380000,0x0000000772380000,0x0000000772d00000)
 ParOldGen       total 97280K, used 6503K [0x00000006c1c00000, 0x00000006c7b00000, 0x000000076b400000)
  object space 97280K, 6% used [0x00000006c1c00000,0x00000006c2259ea8,0x00000006c7b00000)
 Metaspace       used 25461K, capacity 26160K, committed 26240K, reserved 1073152K
  class space    used 3258K, capacity 3434K, committed 3456K, reserved 1048576K
}

