# JRE version: Java(TM) SE Runtime Environment (8.0_211-b12) (build 1.8.0_211-b12)
# Java VM: Java HotSpot(TM) 64-Bit Server VM (25.211-b12 mixed mode windows-amd64 compressed oops)
Heap:
 PSYoungGen      total 76288K, used 43264K [0x000000076b400000, 0x0000000770900000, 0x00000007c0000000)
  eden space 65536K, 59% used [0x000000076b400000,0x000000076da14fe0,0x000000076f400000)
  from space 10752K, 39% used [0x000000076fe80000,0x00000007702ab320,0x0000000770900000)
  to   space 10752K, 0% used [0x000000076f400000,0x000000076f400000,0x000000076fe80000)
 ParOldGen       total 118784K, used 10722K [0x00000006c1c00000, 0x00000006c9000000, 0x000000076b400000)
  object space 118784K, 9% used [0x00000006c1c00000,0x00000006c2678858,0x00000006c9000000)
 Metaspace       used 24030K, capacity 24380K, committed 24576K, reserved 1071104K
  class space    used 2963K, capacity 3055K, committed 3072K, reserved 1048576K
GC Heap History (10 events):
Event: 1.979 GC heap before
{Heap before GC invocations=2 (full 1):
 PSYoungGen      total 76288K, used 5210K [0x000000076b400000, 0x0000000770900000, 0x00000007c0000000)
  eden space 65536K, 0% used [0x000000076b400000,0x000000076b400000,0x000000076f400000)
  from space 10752K, 48% used [0x000000076f400000,0x000000076f916900,0x000000076fe80000)
  to   space 10752K, 0% used [0x000000076fe80000,0x000000076fe80000,0x0000000770900000)
 ParOldGen       total 175104K, used 16K [0x00000006c1c00000, 0x00000006cc700000, 0x000000076b400000)
  object space 175104K, 0% used [0x00000006c1c00000,0x00000006c1c04000,0x00000006cc700000)
 Metaspace       used 8966K, capacity 8988K, committed 9088K, reserved 1060864K
  class space    used 1071K, capacity 1076K, committed 1152K, reserved 1048576K
Event: 2.001 GC heap after
Heap after GC invocations=2 (full 1):
 PSYoungGen      total 76288K, used 0K [0x000000076b400000, 0x0000000770900000, 0x00000007c0000000)
  eden space 65536K, 0% used [0x000000076b400000,0x000000076b400000,0x000000076f400000)
  from space 10752K, 0% used [0x000000076f400000,0x000000076f400000,0x000000076fe80000)
  to   space 10752K, 0% used [0x000000076fe80000,0x000000076fe80000,0x0000000770900000)
 ParOldGen       total 118784K, used 4905K [0x00000006c1c00000, 0x00000006c9000000, 0x000000076b400000)
  object space 118784K, 4% used [0x00000006c1c00000,0x00000006c20ca5e0,0x00000006c9000000)
 Metaspace       used 8966K, capacity 8988K, committed 9088K, reserved 1058816K
  class space    used 1071K, capacity 1076K, committed 1152K, reserved 1048576K
}
Event: 2.500 GC heap before
{Heap before GC invocations=3 (full 1):
 PSYoungGen      total 76288K, used 65536K [0x000000076b400000, 0x0000000770900000, 0x00000007c0000000)
  eden space 65536K, 100% used [0x000000076b400000,0x000000076f400000,0x000000076f400000)
  from space 10752K, 0% used [0x000000076f400000,0x000000076f400000,0x000000076fe80000)
  to   space 10752K, 0% used [0x000000076fe80000,0x000000076fe80000,0x0000000770900000)
 ParOldGen       total 118784K, used 4905K [0x00000006c1c00000, 0x00000006c9000000, 0x000000076b400000)
  object space 118784K, 4% used [0x00000006c1c00000,0x00000006c20ca5e0,0x00000006c9000000)
 Metaspace       used 16560K, capacity 16718K, committed 17024K, reserved 1064960K
  class space    used 2022K, capacity 2071K, committed 2176K, reserved 1048576K
Event: 2.508 GC heap after
Heap after GC invocations=3 (full 1):
 PSYoungGen      total 76288K, used 10435K [0x000000076b400000, 0x0000000770900000, 0x00000007c0000000)
  eden space 65536K, 0% used [0x000000076b400000,0x000000076b400000,0x000000076f400000)
  from space 10752K, 97% used [0x000000076fe80000,0x00000007708b0f00,0x0000000770900000)
  to   space 10752K, 0% used [0x000000076f400000,0x000000076f400000,0x000000076fe80000)
 ParOldGen       total 118784K, used 4977K [0x00000006c1c00000, 0x00000006c9000000, 0x000000076b400000)
  object space 118784K, 4% used [0x00000006c1c00000,0x00000006c20dc5f0,0x00000006c9000000)
 Metaspace       used 16560K, capacity 16718K, committed 17024K, reserved 1064960K
  class space    used 2022K, capacity 2071K, committed 2176K, reserved 1048576K
}
Event: 2.921 GC heap before
{Heap before GC invocations=4 (full 1):
 PSYoungGen      total 76288K, used 55610K [0x000000076b400000, 0x0000000770900000, 0x00000007c0000000)
  eden space 65536K, 68% used [0x000000076b400000,0x000000076e01dc40,0x000000076f400000)
  from space 10752K, 97% used [0x000000076fe80000,0x00000007708b0f00,0x0000000770900000)
  to   space 10752K, 0% used [0x000000076f400000,0x000000076f400000,0x000000076fe80000)
 ParOldGen       total 118784K, used 4977K [0x00000006c1c00000, 0x00000006c9000000, 0x000000076b400000)
  object space 118784K, 4% used [0x00000006c1c00000,0x00000006c20dc5f0,0x00000006c9000000)
 Metaspace       used 21044K, capacity 21228K, committed 21296K, reserved 1069056K
  class space    used 2583K, capacity 2679K, committed 2688K, reserved 1048576K
Event: 2.928 GC heap after
Heap after GC invocations=4 (full 1):
 PSYoungGen      total 76288K, used 8969K [0x000000076b400000, 0x0000000770900000, 0x00000007c0000000)
  eden space 65536K, 0% used [0x000000076b400000,0x000000076b400000,0x000000076f400000)
  from space 10752K, 83% used [0x000000076f400000,0x000000076fcc2538,0x000000076fe80000)
  to   space 10752K, 0% used [0x000000076fe80000,0x000000076fe80000,0x0000000770900000)
 ParOldGen       total 118784K, used 4985K [0x00000006c1c00000, 0x00000006c9000000, 0x000000076b400000)
  object space 118784K, 4% used [0x00000006c1c00000,0x00000006c20de5f0,0x00000006c9000000)
 Metaspace       used 21044K, capacity 21228K, committed 21296K, reserved 1069056K
  class space    used 2583K, capacity 2679K, committed 2688K, reserved 1048576K
}
Event: 2.928 GC heap before
{Heap before GC invocations=5 (full 2):
 PSYoungGen      total 76288K, used 8969K [0x000000076b400000, 0x0000000770900000, 0x00000007c0000000)
  eden space 65536K, 0% used [0x000000076b400000,0x000000076b400000,0x000000076f400000)
  from space 10752K, 83% used [0x000000076f400000,0x000000076fcc2538,0x000000076fe80000)
  to   space 10752K, 0% used [0x000000076fe80000,0x000000076fe80000,0x0000000770900000)
 ParOldGen       total 118784K, used 4985K [0x00000006c1c00000, 0x00000006c9000000, 0x000000076b400000)
  object space 118784K, 4% used [0x00000006c1c00000,0x00000006c20de5f0,0x00000006c9000000)
 Metaspace       used 21044K, capacity 21228K, committed 21296K, reserved 1069056K
  class space    used 2583K, capacity 2679K, committed 2688K, reserved 1048576K
Event: 2.956 GC heap after
Heap after GC invocations=5 (full 2):
 PSYoungGen      total 76288K, used 0K [0x000000076b400000, 0x0000000770900000, 0x00000007c0000000)
  eden space 65536K, 0% used [0x000000076b400000,0x000000076b400000,0x000000076f400000)
  from space 10752K, 0% used [0x000000076f400000,0x000000076f400000,0x000000076fe80000)
  to   space 10752K, 0% used [0x000000076fe80000,0x000000076fe80000,0x0000000770900000)
 ParOldGen       total 118784K, used 10714K [0x00000006c1c00000, 0x00000006c9000000, 0x000000076b400000)
  object space 118784K, 9% used [0x00000006c1c00000,0x00000006c2676858,0x00000006c9000000)
 Metaspace       used 21044K, capacity 21228K, committed 21296K, reserved 1069056K
  class space    used 2583K, capacity 2679K, committed 2688K, reserved 1048576K
}
Event: 3.768 GC heap before
{Heap before GC invocations=6 (full 2):
 PSYoungGen      total 76288K, used 65536K [0x000000076b400000, 0x0000000770900000, 0x00000007c0000000)
  eden space 65536K, 100% used [0x000000076b400000,0x000000076f400000,0x000000076f400000)
  from space 10752K, 0% used [0x000000076f400000,0x000000076f400000,0x000000076fe80000)
  to   space 10752K, 0% used [0x000000076fe80000,0x000000076fe80000,0x0000000770900000)
 ParOldGen       total 118784K, used 10714K [0x00000006c1c00000, 0x00000006c9000000, 0x000000076b400000)
  object space 118784K, 9% used [0x00000006c1c00000,0x00000006c2676858,0x00000006c9000000)
 Metaspace       used 23603K, capacity 23832K, committed 24064K, reserved 1071104K
  class space    used 2914K, capacity 2985K, committed 3072K, reserved 1048576K
Event: 3.773 GC heap after
Heap after GC invocations=6 (full 2):
 PSYoungGen      total 76288K, used 4268K [0x000000076b400000, 0x0000000770900000, 0x00000007c0000000)
  eden space 65536K, 0% used [0x000000076b400000,0x000000076b400000,0x000000076f400000)
  from space 10752K, 39% used [0x000000076fe80000,0x00000007702ab320,0x0000000770900000)
  to   space 10752K, 0% used [0x000000076f400000,0x000000076f400000,0x000000076fe80000)
 ParOldGen       total 118784K, used 10722K [0x00000006c1c00000, 0x00000006c9000000, 0x000000076b400000)
  object space 118784K, 9% used [0x00000006c1c00000,0x00000006c2678858,0x00000006c9000000)
 Metaspace       used 23603K, capacity 23832K, committed 24064K, reserved 1071104K
  class space    used 2914K, capacity 2985K, committed 3072K, reserved 1048576K
}

