# JRE version: Java(TM) SE Runtime Environment (8.0_211-b12) (build 1.8.0_211-b12)
# Java VM: Java HotSpot(TM) 64-Bit Server VM (25.211-b12 mixed mode windows-amd64 compressed oops)
Heap:
 PSYoungGen      total 165376K, used 5209K [0x000000076b400000, 0x000000077aa00000, 0x00000007c0000000)
  eden space 150016K, 3% used [0x000000076b400000,0x000000076b916730,0x0000000774680000)
  from space 15360K, 0% used [0x0000000774680000,0x0000000774680000,0x0000000775580000)
  to   space 17408K, 0% used [0x0000000779900000,0x0000000779900000,0x000000077aa00000)
 ParOldGen       total 171008K, used 22440K [0x00000006c1c00000, 0x00000006cc300000, 0x000000076b400000)
  object space 171008K, 13% used [0x00000006c1c00000,0x00000006c31ea2d8,0x00000006cc300000)
 Metaspace       used 35849K, capacity 36234K, committed 36608K, reserved 1081344K
  class space    used 4393K, capacity 4490K, committed 4608K, reserved 1048576K
GC Heap History (10 events):
Event: 4.582 GC heap before
{Heap before GC invocations=5 (full 1):
 PSYoungGen      total 76288K, used 65536K [0x000000076b400000, 0x0000000774900000, 0x00000007c0000000)
  eden space 65536K, 100% used [0x000000076b400000,0x000000076f400000,0x000000076f400000)
  from space 10752K, 0% used [0x000000076f400000,0x000000076f400000,0x000000076fe80000)
  to   space 10752K, 0% used [0x0000000773e80000,0x0000000773e80000,0x0000000774900000)
 ParOldGen       total 106496K, used 10010K [0x00000006c1c00000, 0x00000006c8400000, 0x000000076b400000)
  object space 106496K, 9% used [0x00000006c1c00000,0x00000006c25c6ba8,0x00000006c8400000)
 Metaspace       used 23649K, capacity 23878K, committed 24064K, reserved 1071104K
  class space    used 2916K, capacity 2982K, committed 3072K, reserved 1048576K
Event: 4.588 GC heap after
Heap after GC invocations=5 (full 1):
 PSYoungGen      total 104448K, used 4150K [0x000000076b400000, 0x0000000774300000, 0x00000007c0000000)
  eden space 99840K, 0% used [0x000000076b400000,0x000000076b400000,0x0000000771580000)
  from space 4608K, 90% used [0x0000000773e80000,0x000000077428dad0,0x0000000774300000)
  to   space 10752K, 0% used [0x0000000772e00000,0x0000000772e00000,0x0000000773880000)
 ParOldGen       total 106496K, used 10018K [0x00000006c1c00000, 0x00000006c8400000, 0x000000076b400000)
  object space 106496K, 9% used [0x00000006c1c00000,0x00000006c25c8ba8,0x00000006c8400000)
 Metaspace       used 23649K, capacity 23878K, committed 24064K, reserved 1071104K
  class space    used 2916K, capacity 2982K, committed 3072K, reserved 1048576K
}
Event: 5.648 GC heap before
{Heap before GC invocations=6 (full 1):
 PSYoungGen      total 104448K, used 103990K [0x000000076b400000, 0x0000000774300000, 0x00000007c0000000)
  eden space 99840K, 100% used [0x000000076b400000,0x0000000771580000,0x0000000771580000)
  from space 4608K, 90% used [0x0000000773e80000,0x000000077428dad0,0x0000000774300000)
  to   space 10752K, 0% used [0x0000000772e00000,0x0000000772e00000,0x0000000773880000)
 ParOldGen       total 106496K, used 10018K [0x00000006c1c00000, 0x00000006c8400000, 0x000000076b400000)
  object space 106496K, 9% used [0x00000006c1c00000,0x00000006c25c8ba8,0x00000006c8400000)
 Metaspace       used 26536K, capacity 26792K, committed 27264K, reserved 1073152K
  class space    used 3253K, capacity 3345K, committed 3456K, reserved 1048576K
Event: 5.666 GC heap after
Heap after GC invocations=6 (full 1):
 PSYoungGen      total 135680K, used 7032K [0x000000076b400000, 0x0000000776300000, 0x00000007c0000000)
  eden space 124928K, 0% used [0x000000076b400000,0x000000076b400000,0x0000000772e00000)
  from space 10752K, 65% used [0x0000000772e00000,0x00000007734de3b0,0x0000000773880000)
  to   space 13824K, 0% used [0x0000000775580000,0x0000000775580000,0x0000000776300000)
 ParOldGen       total 106496K, used 10018K [0x00000006c1c00000, 0x00000006c8400000, 0x000000076b400000)
  object space 106496K, 9% used [0x00000006c1c00000,0x00000006c25c8ba8,0x00000006c8400000)
 Metaspace       used 26536K, capacity 26792K, committed 27264K, reserved 1073152K
  class space    used 3253K, capacity 3345K, committed 3456K, reserved 1048576K
}
Event: 8.671 GC heap before
{Heap before GC invocations=7 (full 1):
 PSYoungGen      total 135680K, used 131960K [0x000000076b400000, 0x0000000776300000, 0x00000007c0000000)
  eden space 124928K, 100% used [0x000000076b400000,0x0000000772e00000,0x0000000772e00000)
  from space 10752K, 65% used [0x0000000772e00000,0x00000007734de3b0,0x0000000773880000)
  to   space 13824K, 0% used [0x0000000775580000,0x0000000775580000,0x0000000776300000)
 ParOldGen       total 106496K, used 10018K [0x00000006c1c00000, 0x00000006c8400000, 0x000000076b400000)
  object space 106496K, 9% used [0x00000006c1c00000,0x00000006c25c8ba8,0x00000006c8400000)
 Metaspace       used 30690K, capacity 30974K, committed 31232K, reserved 1077248K
  class space    used 3742K, capacity 3834K, committed 3840K, reserved 1048576K
Event: 8.696 GC heap after
Heap after GC invocations=7 (full 1):
 PSYoungGen      total 163840K, used 12377K [0x000000076b400000, 0x0000000778700000, 0x00000007c0000000)
  eden space 150016K, 0% used [0x000000076b400000,0x000000076b400000,0x0000000774680000)
  from space 13824K, 89% used [0x0000000775580000,0x00000007761966c0,0x0000000776300000)
  to   space 15360K, 0% used [0x0000000774680000,0x0000000774680000,0x0000000775580000)
 ParOldGen       total 106496K, used 10026K [0x00000006c1c00000, 0x00000006c8400000, 0x000000076b400000)
  object space 106496K, 9% used [0x00000006c1c00000,0x00000006c25caba8,0x00000006c8400000)
 Metaspace       used 30690K, capacity 30974K, committed 31232K, reserved 1077248K
  class space    used 3742K, capacity 3834K, committed 3840K, reserved 1048576K
}
Event: 12.100 GC heap before
{Heap before GC invocations=8 (full 1):
 PSYoungGen      total 163840K, used 160824K [0x000000076b400000, 0x0000000778700000, 0x00000007c0000000)
  eden space 150016K, 98% used [0x000000076b400000,0x00000007744f79b8,0x0000000774680000)
  from space 13824K, 89% used [0x0000000775580000,0x00000007761966c0,0x0000000776300000)
  to   space 15360K, 0% used [0x0000000774680000,0x0000000774680000,0x0000000775580000)
 ParOldGen       total 106496K, used 10026K [0x00000006c1c00000, 0x00000006c8400000, 0x000000076b400000)
  object space 106496K, 9% used [0x00000006c1c00000,0x00000006c25caba8,0x00000006c8400000)
 Metaspace       used 34759K, capacity 35102K, committed 35456K, reserved 1081344K
  class space    used 4280K, capacity 4390K, committed 4480K, reserved 1048576K
Event: 12.124 GC heap after
Heap after GC invocations=8 (full 1):
 PSYoungGen      total 165376K, used 14911K [0x000000076b400000, 0x000000077aa00000, 0x00000007c0000000)
  eden space 150016K, 0% used [0x000000076b400000,0x000000076b400000,0x0000000774680000)
  from space 15360K, 97% used [0x0000000774680000,0x000000077550feb0,0x0000000775580000)
  to   space 17408K, 0% used [0x0000000779900000,0x0000000779900000,0x000000077aa00000)
 ParOldGen       total 106496K, used 10034K [0x00000006c1c00000, 0x00000006c8400000, 0x000000076b400000)
  object space 106496K, 9% used [0x00000006c1c00000,0x00000006c25ccba8,0x00000006c8400000)
 Metaspace       used 34759K, capacity 35102K, committed 35456K, reserved 1081344K
  class space    used 4280K, capacity 4390K, committed 4480K, reserved 1048576K
}
Event: 12.124 GC heap before
{Heap before GC invocations=9 (full 2):
 PSYoungGen      total 165376K, used 14911K [0x000000076b400000, 0x000000077aa00000, 0x00000007c0000000)
  eden space 150016K, 0% used [0x000000076b400000,0x000000076b400000,0x0000000774680000)
  from space 15360K, 97% used [0x0000000774680000,0x000000077550feb0,0x0000000775580000)
  to   space 17408K, 0% used [0x0000000779900000,0x0000000779900000,0x000000077aa00000)
 ParOldGen       total 106496K, used 10034K [0x00000006c1c00000, 0x00000006c8400000, 0x000000076b400000)
  object space 106496K, 9% used [0x00000006c1c00000,0x00000006c25ccba8,0x00000006c8400000)
 Metaspace       used 34759K, capacity 35102K, committed 35456K, reserved 1081344K
  class space    used 4280K, capacity 4390K, committed 4480K, reserved 1048576K
Event: 12.271 GC heap after
Heap after GC invocations=9 (full 2):
 PSYoungGen      total 165376K, used 0K [0x000000076b400000, 0x000000077aa00000, 0x00000007c0000000)
  eden space 150016K, 0% used [0x000000076b400000,0x000000076b400000,0x0000000774680000)
  from space 15360K, 0% used [0x0000000774680000,0x0000000774680000,0x0000000775580000)
  to   space 17408K, 0% used [0x0000000779900000,0x0000000779900000,0x000000077aa00000)
 ParOldGen       total 171008K, used 22440K [0x00000006c1c00000, 0x00000006cc300000, 0x000000076b400000)
  object space 171008K, 13% used [0x00000006c1c00000,0x00000006c31ea2d8,0x00000006cc300000)
 Metaspace       used 34759K, capacity 35102K, committed 35456K, reserved 1081344K
  class space    used 4280K, capacity 4390K, committed 4480K, reserved 1048576K
}

