# JRE version: Java(TM) SE Runtime Environment (8.0_211-b12) (build 1.8.0_211-b12)
# Java VM: Java HotSpot(TM) 64-Bit Server VM (25.211-b12 mixed mode windows-amd64 compressed oops)
Heap:
 PSYoungGen      total 76288K, used 35463K [0x000000076b400000, 0x0000000774900000, 0x00000007c0000000)
  eden space 65536K, 54% used [0x000000076b400000,0x000000076d6a1f38,0x000000076f400000)
  from space 10752K, 0% used [0x000000076f400000,0x000000076f400000,0x000000076fe80000)
  to   space 10752K, 0% used [0x0000000773e80000,0x0000000773e80000,0x0000000774900000)
 ParOldGen       total 114176K, used 9652K [0x00000006c1c00000, 0x00000006c8b80000, 0x000000076b400000)
  object space 114176K, 8% used [0x00000006c1c00000,0x00000006c256d2d0,0x00000006c8b80000)
 Metaspace       used 22950K, capacity 23150K, committed 23344K, reserved 1069056K
  class space    used 2836K, capacity 2914K, committed 2944K, reserved 1048576K
GC Heap History (8 events):
Event: 3.199 GC heap before
{Heap before GC invocations=1 (full 0):
 PSYoungGen      total 76288K, used 65536K [0x000000076b400000, 0x0000000770900000, 0x00000007c0000000)
  eden space 65536K, 100% used [0x000000076b400000,0x000000076f400000,0x000000076f400000)
  from space 10752K, 0% used [0x000000076fe80000,0x000000076fe80000,0x0000000770900000)
  to   space 10752K, 0% used [0x000000076f400000,0x000000076f400000,0x000000076fe80000)
 ParOldGen       total 175104K, used 0K [0x00000006c1c00000, 0x00000006cc700000, 0x000000076b400000)
  object space 175104K, 0% used [0x00000006c1c00000,0x00000006c1c00000,0x00000006cc700000)
 Metaspace       used 10380K, capacity 10460K, committed 10624K, reserved 1058816K
  class space    used 1288K, capacity 1332K, committed 1408K, reserved 1048576K
Event: 3.210 GC heap after
Heap after GC invocations=1 (full 0):
 PSYoungGen      total 76288K, used 8201K [0x000000076b400000, 0x0000000770900000, 0x00000007c0000000)
  eden space 65536K, 0% used [0x000000076b400000,0x000000076b400000,0x000000076f400000)
  from space 10752K, 76% used [0x000000076f400000,0x000000076fc02760,0x000000076fe80000)
  to   space 10752K, 0% used [0x000000076fe80000,0x000000076fe80000,0x0000000770900000)
 ParOldGen       total 175104K, used 16K [0x00000006c1c00000, 0x00000006cc700000, 0x000000076b400000)
  object space 175104K, 0% used [0x00000006c1c00000,0x00000006c1c04000,0x00000006cc700000)
 Metaspace       used 10380K, capacity 10460K, committed 10624K, reserved 1058816K
  class space    used 1288K, capacity 1332K, committed 1408K, reserved 1048576K
}
Event: 4.225 GC heap before
{Heap before GC invocations=2 (full 0):
 PSYoungGen      total 76288K, used 73737K [0x000000076b400000, 0x0000000770900000, 0x00000007c0000000)
  eden space 65536K, 100% used [0x000000076b400000,0x000000076f400000,0x000000076f400000)
  from space 10752K, 76% used [0x000000076f400000,0x000000076fc02760,0x000000076fe80000)
  to   space 10752K, 0% used [0x000000076fe80000,0x000000076fe80000,0x0000000770900000)
 ParOldGen       total 175104K, used 16K [0x00000006c1c00000, 0x00000006cc700000, 0x000000076b400000)
  object space 175104K, 0% used [0x00000006c1c00000,0x00000006c1c04000,0x00000006cc700000)
 Metaspace       used 18037K, capacity 18182K, committed 18432K, reserved 1064960K
  class space    used 2186K, capacity 2219K, committed 2304K, reserved 1048576K
Event: 4.250 GC heap after
Heap after GC invocations=2 (full 0):
 PSYoungGen      total 76288K, used 10743K [0x000000076b400000, 0x0000000774900000, 0x00000007c0000000)
  eden space 65536K, 0% used [0x000000076b400000,0x000000076b400000,0x000000076f400000)
  from space 10752K, 99% used [0x000000076fe80000,0x00000007708fdfd0,0x0000000770900000)
  to   space 10752K, 0% used [0x000000076f400000,0x000000076f400000,0x000000076fe80000)
 ParOldGen       total 175104K, used 1979K [0x00000006c1c00000, 0x00000006cc700000, 0x000000076b400000)
  object space 175104K, 1% used [0x00000006c1c00000,0x00000006c1deefa8,0x00000006cc700000)
 Metaspace       used 18037K, capacity 18182K, committed 18432K, reserved 1064960K
  class space    used 2186K, capacity 2219K, committed 2304K, reserved 1048576K
}
Event: 4.837 GC heap before
{Heap before GC invocations=3 (full 0):
 PSYoungGen      total 76288K, used 38018K [0x000000076b400000, 0x0000000774900000, 0x00000007c0000000)
  eden space 65536K, 41% used [0x000000076b400000,0x000000076cea2c10,0x000000076f400000)
  from space 10752K, 99% used [0x000000076fe80000,0x00000007708fdfd0,0x0000000770900000)
  to   space 10752K, 0% used [0x000000076f400000,0x000000076f400000,0x000000076fe80000)
 ParOldGen       total 175104K, used 1979K [0x00000006c1c00000, 0x00000006cc700000, 0x000000076b400000)
  object space 175104K, 1% used [0x00000006c1c00000,0x00000006c1deefa8,0x00000006cc700000)
 Metaspace       used 20954K, capacity 21128K, committed 21296K, reserved 1069056K
  class space    used 2548K, capacity 2625K, committed 2688K, reserved 1048576K
Event: 4.852 GC heap after
Heap after GC invocations=3 (full 0):
 PSYoungGen      total 76288K, used 9763K [0x000000076b400000, 0x0000000774900000, 0x00000007c0000000)
  eden space 65536K, 0% used [0x000000076b400000,0x000000076b400000,0x000000076f400000)
  from space 10752K, 90% used [0x000000076f400000,0x000000076fd88c70,0x000000076fe80000)
  to   space 10752K, 0% used [0x0000000773e80000,0x0000000773e80000,0x0000000774900000)
 ParOldGen       total 175104K, used 1987K [0x00000006c1c00000, 0x00000006cc700000, 0x000000076b400000)
  object space 175104K, 1% used [0x00000006c1c00000,0x00000006c1df0fa8,0x00000006cc700000)
 Metaspace       used 20954K, capacity 21128K, committed 21296K, reserved 1069056K
  class space    used 2548K, capacity 2625K, committed 2688K, reserved 1048576K
}
Event: 4.852 GC heap before
{Heap before GC invocations=4 (full 1):
 PSYoungGen      total 76288K, used 9763K [0x000000076b400000, 0x0000000774900000, 0x00000007c0000000)
  eden space 65536K, 0% used [0x000000076b400000,0x000000076b400000,0x000000076f400000)
  from space 10752K, 90% used [0x000000076f400000,0x000000076fd88c70,0x000000076fe80000)
  to   space 10752K, 0% used [0x0000000773e80000,0x0000000773e80000,0x0000000774900000)
 ParOldGen       total 175104K, used 1987K [0x00000006c1c00000, 0x00000006cc700000, 0x000000076b400000)
  object space 175104K, 1% used [0x00000006c1c00000,0x00000006c1df0fa8,0x00000006cc700000)
 Metaspace       used 20954K, capacity 21128K, committed 21296K, reserved 1069056K
  class space    used 2548K, capacity 2625K, committed 2688K, reserved 1048576K
Event: 4.954 GC heap after
Heap after GC invocations=4 (full 1):
 PSYoungGen      total 76288K, used 0K [0x000000076b400000, 0x0000000774900000, 0x00000007c0000000)
  eden space 65536K, 0% used [0x000000076b400000,0x000000076b400000,0x000000076f400000)
  from space 10752K, 0% used [0x000000076f400000,0x000000076f400000,0x000000076fe80000)
  to   space 10752K, 0% used [0x0000000773e80000,0x0000000773e80000,0x0000000774900000)
 ParOldGen       total 114176K, used 9652K [0x00000006c1c00000, 0x00000006c8b80000, 0x000000076b400000)
  object space 114176K, 8% used [0x00000006c1c00000,0x00000006c256d2d0,0x00000006c8b80000)
 Metaspace       used 20954K, capacity 21128K, committed 21296K, reserved 1069056K
  class space    used 2548K, capacity 2625K, committed 2688K, reserved 1048576K
}

