# JRE version: Java(TM) SE Runtime Environment (8.0_211-b12) (build 1.8.0_211-b12)
# Java VM: Java HotSpot(TM) 64-Bit Server VM (25.211-b12 mixed mode windows-amd64 compressed oops)
Heap:
 PSYoungGen      total 136192K, used 29887K [0x000000076b400000, 0x0000000778e80000, 0x00000007c0000000)
  eden space 125440K, 17% used [0x000000076b400000,0x000000076c971d80,0x0000000772e80000)
  from space 10752K, 73% used [0x0000000773e80000,0x000000077463deb0,0x0000000774900000)
  to   space 16384K, 0% used [0x0000000772e80000,0x0000000772e80000,0x0000000773e80000)
 ParOldGen       total 97280K, used 20193K [0x00000006c1c00000, 0x00000006c7b00000, 0x000000076b400000)
  object space 97280K, 20% used [0x00000006c1c00000,0x00000006c2fb84e0,0x00000006c7b00000)
 Metaspace       used 38455K, capacity 40174K, committed 40408K, reserved 1085440K
  class space    used 4941K, capacity 5274K, committed 5336K, reserved 1048576K
GC Heap History (10 events):
Event: 2.888 GC heap before
{Heap before GC invocations=6 (full 1):
 PSYoungGen      total 141824K, used 131072K [0x000000076b400000, 0x0000000774900000, 0x00000007c0000000)
  eden space 131072K, 100% used [0x000000076b400000,0x0000000773400000,0x0000000773400000)
  from space 10752K, 0% used [0x0000000773e80000,0x0000000773e80000,0x0000000774900000)
  to   space 10752K, 0% used [0x0000000773400000,0x0000000773400000,0x0000000773e80000)
 ParOldGen       total 97280K, used 6638K [0x00000006c1c00000, 0x00000006c7b00000, 0x000000076b400000)
  object space 97280K, 6% used [0x00000006c1c00000,0x00000006c227bbb8,0x00000006c7b00000)
 Metaspace       used 27860K, capacity 28760K, committed 28928K, reserved 1075200K
  class space    used 3572K, capacity 3798K, committed 3840K, reserved 1048576K
Event: 2.899 GC heap after
Heap after GC invocations=6 (full 1):
 PSYoungGen      total 141824K, used 10741K [0x000000076b400000, 0x0000000774900000, 0x00000007c0000000)
  eden space 131072K, 0% used [0x000000076b400000,0x000000076b400000,0x0000000773400000)
  from space 10752K, 99% used [0x0000000773400000,0x0000000773e7d538,0x0000000773e80000)
  to   space 10752K, 0% used [0x0000000773e80000,0x0000000773e80000,0x0000000774900000)
 ParOldGen       total 97280K, used 6960K [0x00000006c1c00000, 0x00000006c7b00000, 0x000000076b400000)
  object space 97280K, 7% used [0x00000006c1c00000,0x00000006c22cc3d0,0x00000006c7b00000)
 Metaspace       used 27860K, capacity 28760K, committed 28928K, reserved 1075200K
  class space    used 3572K, capacity 3798K, committed 3840K, reserved 1048576K
}
Event: 3.743 GC heap before
{Heap before GC invocations=7 (full 1):
 PSYoungGen      total 141824K, used 141813K [0x000000076b400000, 0x0000000774900000, 0x00000007c0000000)
  eden space 131072K, 100% used [0x000000076b400000,0x0000000773400000,0x0000000773400000)
  from space 10752K, 99% used [0x0000000773400000,0x0000000773e7d538,0x0000000773e80000)
  to   space 10752K, 0% used [0x0000000773e80000,0x0000000773e80000,0x0000000774900000)
 ParOldGen       total 97280K, used 6960K [0x00000006c1c00000, 0x00000006c7b00000, 0x000000076b400000)
  object space 97280K, 7% used [0x00000006c1c00000,0x00000006c22cc3d0,0x00000006c7b00000)
 Metaspace       used 29875K, capacity 30834K, committed 30976K, reserved 1077248K
  class space    used 3860K, capacity 4077K, committed 4096K, reserved 1048576K
Event: 3.750 GC heap after
Heap after GC invocations=7 (full 1):
 PSYoungGen      total 141824K, used 10720K [0x000000076b400000, 0x0000000774900000, 0x00000007c0000000)
  eden space 131072K, 0% used [0x000000076b400000,0x000000076b400000,0x0000000773400000)
  from space 10752K, 99% used [0x0000000773e80000,0x00000007748f80a8,0x0000000774900000)
  to   space 10752K, 0% used [0x0000000773400000,0x0000000773400000,0x0000000773e80000)
 ParOldGen       total 97280K, used 9406K [0x00000006c1c00000, 0x00000006c7b00000, 0x000000076b400000)
  object space 97280K, 9% used [0x00000006c1c00000,0x00000006c252f810,0x00000006c7b00000)
 Metaspace       used 29875K, capacity 30834K, committed 30976K, reserved 1077248K
  class space    used 3860K, capacity 4077K, committed 4096K, reserved 1048576K
}
Event: 4.641 GC heap before
{Heap before GC invocations=8 (full 1):
 PSYoungGen      total 141824K, used 127021K [0x000000076b400000, 0x0000000774900000, 0x00000007c0000000)
  eden space 131072K, 88% used [0x000000076b400000,0x0000000772593640,0x0000000773400000)
  from space 10752K, 99% used [0x0000000773e80000,0x00000007748f80a8,0x0000000774900000)
  to   space 10752K, 0% used [0x0000000773400000,0x0000000773400000,0x0000000773e80000)
 ParOldGen       total 97280K, used 9406K [0x00000006c1c00000, 0x00000006c7b00000, 0x000000076b400000)
  object space 97280K, 9% used [0x00000006c1c00000,0x00000006c252f810,0x00000006c7b00000)
 Metaspace       used 34006K, capacity 35340K, committed 35416K, reserved 1079296K
  class space    used 4376K, capacity 4637K, committed 4696K, reserved 1048576K
Event: 4.650 GC heap after
Heap after GC invocations=8 (full 1):
 PSYoungGen      total 141824K, used 10725K [0x000000076b400000, 0x0000000774900000, 0x00000007c0000000)
  eden space 131072K, 0% used [0x000000076b400000,0x000000076b400000,0x0000000773400000)
  from space 10752K, 99% used [0x0000000773400000,0x0000000773e79570,0x0000000773e80000)
  to   space 10752K, 0% used [0x0000000773e80000,0x0000000773e80000,0x0000000774900000)
 ParOldGen       total 97280K, used 14728K [0x00000006c1c00000, 0x00000006c7b00000, 0x000000076b400000)
  object space 97280K, 15% used [0x00000006c1c00000,0x00000006c2a620a0,0x00000006c7b00000)
 Metaspace       used 34006K, capacity 35340K, committed 35416K, reserved 1079296K
  class space    used 4376K, capacity 4637K, committed 4696K, reserved 1048576K
}
Event: 4.650 GC heap before
{Heap before GC invocations=9 (full 2):
 PSYoungGen      total 141824K, used 10725K [0x000000076b400000, 0x0000000774900000, 0x00000007c0000000)
  eden space 131072K, 0% used [0x000000076b400000,0x000000076b400000,0x0000000773400000)
  from space 10752K, 99% used [0x0000000773400000,0x0000000773e79570,0x0000000773e80000)
  to   space 10752K, 0% used [0x0000000773e80000,0x0000000773e80000,0x0000000774900000)
 ParOldGen       total 97280K, used 14728K [0x00000006c1c00000, 0x00000006c7b00000, 0x000000076b400000)
  object space 97280K, 15% used [0x00000006c1c00000,0x00000006c2a620a0,0x00000006c7b00000)
 Metaspace       used 34006K, capacity 35340K, committed 35416K, reserved 1079296K
  class space    used 4376K, capacity 4637K, committed 4696K, reserved 1048576K
Event: 4.693 GC heap after
Heap after GC invocations=9 (full 2):
 PSYoungGen      total 141824K, used 0K [0x000000076b400000, 0x0000000774900000, 0x00000007c0000000)
  eden space 131072K, 0% used [0x000000076b400000,0x000000076b400000,0x0000000773400000)
  from space 10752K, 0% used [0x0000000773400000,0x0000000773400000,0x0000000773e80000)
  to   space 10752K, 0% used [0x0000000773e80000,0x0000000773e80000,0x0000000774900000)
 ParOldGen       total 97280K, used 20185K [0x00000006c1c00000, 0x00000006c7b00000, 0x000000076b400000)
  object space 97280K, 20% used [0x00000006c1c00000,0x00000006c2fb64e0,0x00000006c7b00000)
 Metaspace       used 34006K, capacity 35340K, committed 35416K, reserved 1079296K
  class space    used 4376K, capacity 4637K, committed 4696K, reserved 1048576K
}
Event: 5.476 GC heap before
{Heap before GC invocations=10 (full 2):
 PSYoungGen      total 141824K, used 131072K [0x000000076b400000, 0x0000000774900000, 0x00000007c0000000)
  eden space 131072K, 100% used [0x000000076b400000,0x0000000773400000,0x0000000773400000)
  from space 10752K, 0% used [0x0000000773400000,0x0000000773400000,0x0000000773e80000)
  to   space 10752K, 0% used [0x0000000773e80000,0x0000000773e80000,0x0000000774900000)
 ParOldGen       total 97280K, used 20185K [0x00000006c1c00000, 0x00000006c7b00000, 0x000000076b400000)
  object space 97280K, 20% used [0x00000006c1c00000,0x00000006c2fb64e0,0x00000006c7b00000)
 Metaspace       used 37801K, capacity 39474K, committed 39768K, reserved 1083392K
  class space    used 4854K, capacity 5158K, committed 5208K, reserved 1048576K
Event: 5.481 GC heap after
Heap after GC invocations=10 (full 2):
 PSYoungGen      total 136192K, used 7927K [0x000000076b400000, 0x0000000778e80000, 0x00000007c0000000)
  eden space 125440K, 0% used [0x000000076b400000,0x000000076b400000,0x0000000772e80000)
  from space 10752K, 73% used [0x0000000773e80000,0x000000077463deb0,0x0000000774900000)
  to   space 16384K, 0% used [0x0000000772e80000,0x0000000772e80000,0x0000000773e80000)
 ParOldGen       total 97280K, used 20193K [0x00000006c1c00000, 0x00000006c7b00000, 0x000000076b400000)
  object space 97280K, 20% used [0x00000006c1c00000,0x00000006c2fb84e0,0x00000006c7b00000)
 Metaspace       used 37801K, capacity 39474K, committed 39768K, reserved 1083392K
  class space    used 4854K, capacity 5158K, committed 5208K, reserved 1048576K
}

